<?xml version="1.0" encoding="UTF-8"?>
<!-- Generated by org.testng.reporters.JUnitReportReporter -->
<testsuite hostname="LAPTOP-HOOCGA4C" failures="0" tests="1" name="Amazon.AmazonProductSearch" time="16.094" errors="0" timestamp="2024-08-15T22:29:16 IST" skipped="0">
  <testcase classname="Amazon.AmazonProductSearch" name="user_is_on_amazon_browser_version" time="16.094"/>
</testsuite> <!-- Amazon.AmazonProductSearch -->
